# JRE version: OpenJDK Runtime Environment (8.0_152-b01) (build 1.8.0_152-release-915-b01)
# Java VM: OpenJDK 64-Bit Server VM (25.152-b01 mixed mode linux-amd64 compressed oops)
Heap:
 PSYoungGen      total 488960K, used 64K [0x00000000e0000000, 0x0000000100000000, 0x0000000100000000)
  eden space 453632K, 0% used [0x00000000e0000000,0x00000000e0000000,0x00000000fbb00000)
  from space 35328K, 0% used [0x00000000fbb00000,0x00000000fbb10000,0x00000000fdd80000)
  to   space 34816K, 0% used [0x00000000fde00000,0x00000000fde00000,0x0000000100000000)
 ParOldGen       total 124928K, used 104727K [0x00000000a0000000, 0x00000000a7a00000, 0x00000000e0000000)
  object space 124928K, 83% used [0x00000000a0000000,0x00000000a6645d30,0x00000000a7a00000)
 Metaspace       used 78553K, capacity 83698K, committed 83928K, reserved 1122304K
  class space    used 10072K, capacity 11237K, committed 11264K, reserved 1048576K
GC Heap History (10 events):
Event: 2490.182 GC heap after
Heap after GC invocations=31 (full 4):
 PSYoungGen      total 490496K, used 26458K [0x00000000e0000000, 0x0000000100000000, 0x0000000100000000)
  eden space 463872K, 0% used [0x00000000e0000000,0x00000000e0000000,0x00000000fc500000)
  from space 26624K, 99% used [0x00000000fc500000,0x00000000fded69d0,0x00000000fdf00000)
  to   space 33792K, 0% used [0x00000000fdf00000,0x00000000fdf00000,0x0000000100000000)
 ParOldGen       total 124928K, used 60089K [0x00000000a0000000, 0x00000000a7a00000, 0x00000000e0000000)
  object space 124928K, 48% used [0x00000000a0000000,0x00000000a3aae4a0,0x00000000a7a00000)
 Metaspace       used 77572K, capacity 82204K, committed 82520K, reserved 1120256K
  class space    used 9956K, capacity 11032K, committed 11136K, reserved 1048576K
}
Event: 2490.711 GC heap before
{Heap before GC invocations=32 (full 4):
 PSYoungGen      total 490496K, used 489560K [0x00000000e0000000, 0x0000000100000000, 0x0000000100000000)
  eden space 463872K, 99% used [0x00000000e0000000,0x00000000fc43f7b8,0x00000000fc500000)
  from space 26624K, 99% used [0x00000000fc500000,0x00000000fded69d0,0x00000000fdf00000)
  to   space 33792K, 0% used [0x00000000fdf00000,0x00000000fdf00000,0x0000000100000000)
 ParOldGen       total 124928K, used 60089K [0x00000000a0000000, 0x00000000a7a00000, 0x00000000e0000000)
  object space 124928K, 48% used [0x00000000a0000000,0x00000000a3aae4a0,0x00000000a7a00000)
 Metaspace       used 77786K, capacity 82402K, committed 82776K, reserved 1120256K
  class space    used 9975K, capacity 11035K, committed 11136K, reserved 1048576K
Event: 2490.743 GC heap after
Heap after GC invocations=32 (full 4):
 PSYoungGen      total 491520K, used 11862K [0x00000000e0000000, 0x0000000100000000, 0x0000000100000000)
  eden space 457728K, 0% used [0x00000000e0000000,0x00000000e0000000,0x00000000fbf00000)
  from space 33792K, 35% used [0x00000000fdf00000,0x00000000fea95820,0x0000000100000000)
  to   space 32768K, 0% used [0x00000000fbf00000,0x00000000fbf00000,0x00000000fdf00000)
 ParOldGen       total 124928K, used 83177K [0x00000000a0000000, 0x00000000a7a00000, 0x00000000e0000000)
  object space 124928K, 66% used [0x00000000a0000000,0x00000000a513a690,0x00000000a7a00000)
 Metaspace       used 77786K, capacity 82402K, committed 82776K, reserved 1120256K
  class space    used 9975K, capacity 11035K, committed 11136K, reserved 1048576K
}
Event: 2678.012 GC heap before
{Heap before GC invocations=33 (full 4):
 PSYoungGen      total 491520K, used 469590K [0x00000000e0000000, 0x0000000100000000, 0x0000000100000000)
  eden space 457728K, 100% used [0x00000000e0000000,0x00000000fbf00000,0x00000000fbf00000)
  from space 33792K, 35% used [0x00000000fdf00000,0x00000000fea95820,0x0000000100000000)
  to   space 32768K, 0% used [0x00000000fbf00000,0x00000000fbf00000,0x00000000fdf00000)
 ParOldGen       total 124928K, used 83177K [0x00000000a0000000, 0x00000000a7a00000, 0x00000000e0000000)
  object space 124928K, 66% used [0x00000000a0000000,0x00000000a513a690,0x00000000a7a00000)
 Metaspace       used 78059K, capacity 82870K, committed 83160K, reserved 1122304K
  class space    used 10021K, capacity 11143K, committed 11264K, reserved 1048576K
Event: 2678.024 GC heap after
Heap after GC invocations=33 (full 4):
 PSYoungGen      total 460800K, used 3015K [0x00000000e0000000, 0x00000000ffe00000, 0x0000000100000000)
  eden space 457728K, 0% used [0x00000000e0000000,0x00000000e0000000,0x00000000fbf00000)
  from space 3072K, 98% used [0x00000000fbf00000,0x00000000fc1f1d38,0x00000000fc200000)
  to   space 32256K, 0% used [0x00000000fde80000,0x00000000fde80000,0x00000000ffe00000)
 ParOldGen       total 124928K, used 84734K [0x00000000a0000000, 0x00000000a7a00000, 0x00000000e0000000)
  object space 124928K, 67% used [0x00000000a0000000,0x00000000a52bf940,0x00000000a7a00000)
 Metaspace       used 78059K, capacity 82870K, committed 83160K, reserved 1122304K
  class space    used 10021K, capacity 11143K, committed 11264K, reserved 1048576K
}
Event: 2680.598 GC heap before
{Heap before GC invocations=34 (full 4):
 PSYoungGen      total 460800K, used 460263K [0x00000000e0000000, 0x00000000ffe00000, 0x0000000100000000)
  eden space 457728K, 99% used [0x00000000e0000000,0x00000000fbe881d8,0x00000000fbf00000)
  from space 3072K, 98% used [0x00000000fbf00000,0x00000000fc1f1d38,0x00000000fc200000)
  to   space 32256K, 0% used [0x00000000fde80000,0x00000000fde80000,0x00000000ffe00000)
 ParOldGen       total 124928K, used 84734K [0x00000000a0000000, 0x00000000a7a00000, 0x00000000e0000000)
  object space 124928K, 67% used [0x00000000a0000000,0x00000000a52bf940,0x00000000a7a00000)
 Metaspace       used 78553K, capacity 83698K, committed 83928K, reserved 1122304K
  class space    used 10072K, capacity 11237K, committed 11264K, reserved 1048576K
Event: 2680.625 GC heap after
Heap after GC invocations=34 (full 4):
 PSYoungGen      total 485888K, used 24050K [0x00000000e0000000, 0x0000000100000000, 0x0000000100000000)
  eden space 453632K, 0% used [0x00000000e0000000,0x00000000e0000000,0x00000000fbb00000)
  from space 32256K, 74% used [0x00000000fde80000,0x00000000ff5fca18,0x00000000ffe00000)
  to   space 35328K, 0% used [0x00000000fbb00000,0x00000000fbb00000,0x00000000fdd80000)
 ParOldGen       total 124928K, used 86971K [0x00000000a0000000, 0x00000000a7a00000, 0x00000000e0000000)
  object space 124928K, 69% used [0x00000000a0000000,0x00000000a54eed90,0x00000000a7a00000)
 Metaspace       used 78553K, capacity 83698K, committed 83928K, reserved 1122304K
  class space    used 10072K, capacity 11237K, committed 11264K, reserved 1048576K
}
Event: 2680.708 GC heap before
{Heap before GC invocations=35 (full 4):
 PSYoungGen      total 485888K, used 477154K [0x00000000e0000000, 0x0000000100000000, 0x0000000100000000)
  eden space 453632K, 99% used [0x00000000e0000000,0x00000000fba7bea8,0x00000000fbb00000)
  from space 32256K, 74% used [0x00000000fde80000,0x00000000ff5fca18,0x00000000ffe00000)
  to   space 35328K, 0% used [0x00000000fbb00000,0x00000000fbb00000,0x00000000fdd80000)
 ParOldGen       total 124928K, used 86971K [0x00000000a0000000, 0x00000000a7a00000, 0x00000000e0000000)
  object space 124928K, 69% used [0x00000000a0000000,0x00000000a54eed90,0x00000000a7a00000)
 Metaspace       used 78553K, capacity 83698K, committed 83928K, reserved 1122304K
  class space    used 10072K, capacity 11237K, committed 11264K, reserved 1048576K
Event: 2680.730 GC heap after
Heap after GC invocations=35 (full 4):
 PSYoungGen      total 488960K, used 64K [0x00000000e0000000, 0x0000000100000000, 0x0000000100000000)
  eden space 453632K, 0% used [0x00000000e0000000,0x00000000e0000000,0x00000000fbb00000)
  from space 35328K, 0% used [0x00000000fbb00000,0x00000000fbb10000,0x00000000fdd80000)
  to   space 34816K, 0% used [0x00000000fde00000,0x00000000fde00000,0x0000000100000000)
 ParOldGen       total 124928K, used 104727K [0x00000000a0000000, 0x00000000a7a00000, 0x00000000e0000000)
  object space 124928K, 83% used [0x00000000a0000000,0x00000000a6645d30,0x00000000a7a00000)
 Metaspace       used 78553K, capacity 83698K, committed 83928K, reserved 1122304K
  class space    used 10072K, capacity 11237K, committed 11264K, reserved 1048576K
}
Event: 2680.730 GC heap before
{Heap before GC invocations=36 (full 5):
 PSYoungGen      total 488960K, used 64K [0x00000000e0000000, 0x0000000100000000, 0x0000000100000000)
  eden space 453632K, 0% used [0x00000000e0000000,0x00000000e0000000,0x00000000fbb00000)
  from space 35328K, 0% used [0x00000000fbb00000,0x00000000fbb10000,0x00000000fdd80000)
  to   space 34816K, 0% used [0x00000000fde00000,0x00000000fde00000,0x0000000100000000)
 ParOldGen       total 124928K, used 104727K [0x00000000a0000000, 0x00000000a7a00000, 0x00000000e0000000)
  object space 124928K, 83% used [0x00000000a0000000,0x00000000a6645d30,0x00000000a7a00000)
 Metaspace       used 78553K, capacity 83698K, committed 83928K, reserved 1122304K
  class space    used 10072K, capacity 11237K, committed 11264K, reserved 1048576K

